<?xml version="1.0" encoding="UTF-8"?>
<!-- Generated by org.testng.reporters.JUnitReportReporter -->
<testsuite hostname="Fargabs-MacBook-Pro.local" failures="0" tests="1" name="practice.ny.Myrunner.Myrunner" time="2.244" errors="0" timestamp="26 Nov 2023 01:58:15 GMT" skipped="0">
  <testcase classname="practice.ny.Myrunner.Myrunner" name="runScenario" time="2.244"/>
</testsuite> <!-- practice.ny.Myrunner.Myrunner -->
